C:\USERS\TK\DOCUMENTS\VISUAL STUDIO 2012\PROJECTS\INTMATH\INTMATH\DEBUG\INTMATH.PCH
C:\USERS\TK\DOCUMENTS\VISUAL STUDIO 2012\PROJECTS\INTMATH\INTMATH\DEBUG\STDAFX.OBJ
C:\USERS\TK\DOCUMENTS\VISUAL STUDIO 2012\PROJECTS\INTMATH\INTMATH\DEBUG\VC110.PDB
C:\USERS\TK\DOCUMENTS\VISUAL STUDIO 2012\PROJECTS\INTMATH\INTMATH\DEBUG\INTMATH.OBJ
C:\USERS\TK\DOCUMENTS\VISUAL STUDIO 2012\PROJECTS\INTMATH\DEBUG\INTMATH.ILK
C:\USERS\TK\DOCUMENTS\VISUAL STUDIO 2012\PROJECTS\INTMATH\DEBUG\INTMATH.EXE
C:\USERS\TK\DOCUMENTS\VISUAL STUDIO 2012\PROJECTS\INTMATH\DEBUG\INTMATH.PDB
C:\Users\TK\Documents\Visual Studio 2012\Projects\IntMath\IntMath\Debug\stdafx.obj
C:\Users\TK\Documents\Visual Studio 2012\Projects\IntMath\IntMath\Debug\cl.command.1.tlog
C:\Users\TK\Documents\Visual Studio 2012\Projects\IntMath\IntMath\Debug\CL.read.1.tlog
C:\Users\TK\Documents\Visual Studio 2012\Projects\IntMath\IntMath\Debug\CL.write.1.tlog
C:\Users\TK\Documents\Visual Studio 2012\Projects\IntMath\IntMath\Debug\link-cvtres.read.1.tlog
C:\Users\TK\Documents\Visual Studio 2012\Projects\IntMath\IntMath\Debug\link-cvtres.write.1.tlog
C:\Users\TK\Documents\Visual Studio 2012\Projects\IntMath\IntMath\Debug\link-rc.read.1.tlog
C:\Users\TK\Documents\Visual Studio 2012\Projects\IntMath\IntMath\Debug\link-rc.write.1.tlog
C:\Users\TK\Documents\Visual Studio 2012\Projects\IntMath\IntMath\Debug\link.command.1.tlog
C:\Users\TK\Documents\Visual Studio 2012\Projects\IntMath\IntMath\Debug\link.read.1.tlog
C:\Users\TK\Documents\Visual Studio 2012\Projects\IntMath\IntMath\Debug\link.write.1.tlog
C:\Users\TK\Documents\Visual Studio 2012\Projects\IntMath\IntMath\Debug\IntMath.pch
C:\Users\TK\Documents\Visual Studio 2012\Projects\IntMath\IntMath\Debug\vc110.idb
C:\Users\TK\Documents\Visual Studio 2012\Projects\IntMath\IntMath\Debug\vc110.pdb
C:\Users\TK\Documents\Visual Studio 2012\Projects\IntMath\Debug\IntMath.pdb
C:\Users\TK\Documents\Visual Studio 2012\Projects\IntMath\Debug\IntMath.exe
C:\Users\TK\Documents\Visual Studio 2012\Projects\IntMath\Debug\IntMath.ilk
