C:\USERS\TK\DOCUMENTS\VISUAL STUDIO 2012\PROJECTS\FUNCTION_PRACTICE\FUNCTION_PRACTICE\DEBUG\VC110.PDB
C:\USERS\TK\DOCUMENTS\VISUAL STUDIO 2012\PROJECTS\FUNCTION_PRACTICE\FUNCTION_PRACTICE\DEBUG\FUNCTION_PRACTICE.OBJ
C:\USERS\TK\DOCUMENTS\VISUAL STUDIO 2012\PROJECTS\FUNCTION_PRACTICE\FUNCTION_PRACTICE\DEBUG\ARRAYTOTALFUNCTION.OBJ
C:\USERS\TK\DOCUMENTS\VISUAL STUDIO 2012\PROJECTS\FUNCTION_PRACTICE\DEBUG\FUNCTION_PRACTICE.ILK
C:\USERS\TK\DOCUMENTS\VISUAL STUDIO 2012\PROJECTS\FUNCTION_PRACTICE\DEBUG\FUNCTION_PRACTICE.EXE
C:\USERS\TK\DOCUMENTS\VISUAL STUDIO 2012\PROJECTS\FUNCTION_PRACTICE\DEBUG\FUNCTION_PRACTICE.PDB
c:\Users\TK\documents\visual studio 2012\Projects\Function_Practice\Function_Practice\Debug\arraytotalfunction.obj
c:\Users\TK\documents\visual studio 2012\Projects\Function_Practice\Function_Practice\Debug\function_practice.obj
c:\Users\TK\documents\visual studio 2012\Projects\Function_Practice\Function_Practice\Debug\cl.command.1.tlog
c:\Users\TK\documents\visual studio 2012\Projects\Function_Practice\Function_Practice\Debug\CL.read.1.tlog
c:\Users\TK\documents\visual studio 2012\Projects\Function_Practice\Function_Practice\Debug\CL.write.1.tlog
c:\Users\TK\documents\visual studio 2012\Projects\Function_Practice\Function_Practice\Debug\link-cvtres.read.1.tlog
c:\Users\TK\documents\visual studio 2012\Projects\Function_Practice\Function_Practice\Debug\link-cvtres.write.1.tlog
c:\Users\TK\documents\visual studio 2012\Projects\Function_Practice\Function_Practice\Debug\link-rc.read.1.tlog
c:\Users\TK\documents\visual studio 2012\Projects\Function_Practice\Function_Practice\Debug\link-rc.write.1.tlog
c:\Users\TK\documents\visual studio 2012\Projects\Function_Practice\Function_Practice\Debug\link.13912-cvtres.read.1.tlog
c:\Users\TK\documents\visual studio 2012\Projects\Function_Practice\Function_Practice\Debug\link.13912-cvtres.write.1.tlog
c:\Users\TK\documents\visual studio 2012\Projects\Function_Practice\Function_Practice\Debug\link.13912-rc.read.1.tlog
c:\Users\TK\documents\visual studio 2012\Projects\Function_Practice\Function_Practice\Debug\link.13912-rc.write.1.tlog
c:\Users\TK\documents\visual studio 2012\Projects\Function_Practice\Function_Practice\Debug\link.13912.read.1.tlog
c:\Users\TK\documents\visual studio 2012\Projects\Function_Practice\Function_Practice\Debug\link.13912.write.1.tlog
c:\Users\TK\documents\visual studio 2012\Projects\Function_Practice\Function_Practice\Debug\link.command.1.tlog
c:\Users\TK\documents\visual studio 2012\Projects\Function_Practice\Function_Practice\Debug\link.read.1.tlog
c:\Users\TK\documents\visual studio 2012\Projects\Function_Practice\Function_Practice\Debug\link.write.1.tlog
c:\Users\TK\documents\visual studio 2012\Projects\Function_Practice\Function_Practice\Debug\vc110.idb
c:\Users\TK\documents\visual studio 2012\Projects\Function_Practice\Function_Practice\Debug\vc110.pdb
c:\users\tk\documents\visual studio 2012\Projects\Function_Practice\Debug\Function_Practice.pdb
c:\users\tk\documents\visual studio 2012\Projects\Function_Practice\Debug\Function_Practice.exe
c:\users\tk\documents\visual studio 2012\Projects\Function_Practice\Debug\Function_Practice.ilk
